2010-06-01 19:06:01 UTC bonati installed panview 5.3

-----------------
ADSHUTTER-1.3
ADSHUTTER.bak-
buffermgr-1.1
CCCP-1.4
CCCP.bak-
CCCP.paralell_read-
CCCP.working-
CmdSetCALTECH-1.1
CmdSetMNSN-1.2
CmdSetOMAN-1.2
Comm_mult_mnsn-1.1
Comm_mult_tcp-3.0
Comm_mult_tcp2-3.0
Comm_mult_tcp2.bak-
Comm_mult_tcp3-3.0
Comm_mult_tcp3.bak-
Comm_mult_tcp4-3.0
Comm_mult_tcp.bak-
Common-4.995
DBSHAND-1.8
DESGUIDE-
DET_DATABASE-2.2
DHE-9.0
DRV_ADAM-1.1
DRV_CCCP-1.1
DRV_COMS-4.1
DRV_DHS-1.4
DRV_FILP48M-1.1
DRV_LKS325-1.4
DRV_LKS332-1.2
DRV_LKS340-2.0
DRV_PAN-3.0
DSENDER-2.4
DUMMYDHE-1.4
FILP48-1.1
FLT-6.0
FSENDER-1.3
GEOM-7.0
GEOM.bak-
GFITS-9.1
GFITS-7.2-
GFITS-8.2-
GFITS-bzero-
GFITS.ctable-
GFITS-integ-
GFITS-shmem-
GRTD-5.0
GUNSC-6.1
GUNSC.bak-
KSHUTTER-1.3
KSHUTTER.bak-
LOG-1.4
Logical-4.96
Logical2-
MNSN-8.92
MNSN-6.0-
MNSN-7.0.beta-
MNSN-7.2-
MNSN-allatts-
SBIG-1.4
SDSU-5.9
SGUIDE-4.1
SGUIDE.bak-
SHUTTER-1.1
TPCTRL-4.9
TPNT-6.91
2010-06-01 19:09:10 UTC bonati installed panview 5.3

-----------------
ADSHUTTER-1.3
ADSHUTTER.bak-
buffermgr-1.1
CCCP-1.4
CCCP.bak-
CCCP.paralell_read-
CCCP.working-
CmdSetCALTECH-1.1
CmdSetMNSN-1.2
CmdSetOMAN-1.2
Comm_mult_mnsn-1.1
Comm_mult_tcp-3.0
Comm_mult_tcp2-3.0
Comm_mult_tcp2.bak-
Comm_mult_tcp3-3.0
Comm_mult_tcp3.bak-
Comm_mult_tcp4-3.0
Comm_mult_tcp.bak-
Common-4.995
DBSHAND-1.8
DESGUIDE-
DET_DATABASE-2.2
DHE-9.0
DRV_ADAM-1.1
DRV_CCCP-1.1
DRV_COMS-4.1
DRV_DHS-1.4
DRV_FILP48M-1.1
DRV_LKS325-1.4
DRV_LKS332-1.2
DRV_LKS340-2.0
DRV_PAN-3.0
DSENDER-2.4
DUMMYDHE-1.4
FILP48-1.1
FLT-6.0
FSENDER-1.3
GEOM-7.0
GEOM.bak-
GFITS-9.1
GFITS-7.2-
GFITS-8.2-
GFITS-bzero-
GFITS.ctable-
GFITS-integ-
GFITS-shmem-
GRTD-5.0
GUNSC-6.1
GUNSC.bak-
KSHUTTER-1.3
KSHUTTER.bak-
LOG-1.4
Logical-4.96
Logical2-
MNSN-8.92
MNSN-6.0-
MNSN-7.0.beta-
MNSN-7.2-
MNSN-allatts-
SBIG-1.4
SDSU-5.9
SGUIDE-4.1
SGUIDE.bak-
SHUTTER-1.1
TPCTRL-4.9
TPNT-6.91
